<?xml version="1.0" encoding="UTF-8"?>
<testsuite xmlns:xsi="http://www.w3.org/2001/XMLSchema-instance" xsi:noNamespaceSchemaLocation="https://maven.apache.org/surefire/maven-surefire-plugin/xsd/surefire-test-report-3.0.xsd" version="3.0" name="Part1LoginTest" time="0.142" tests="14" errors="0" skipped="0" failures="1">
  <properties>
[...]
</properties>
  <testcase name="testUsernameInvalid" classname="Part1LoginTest" time="0.031"/>
  <testcase name="testPasswordValid" classname="Part1LoginTest" time="0.006"/>
  <testcase name="testPasswordDoesNotMeetComplexity" classname="Part1LoginTest" time="0.005"/>
  <testcase name="testCellPhoneInvalid" classname="Part1LoginTest" time="0.001"/>
  <testcase name="testUsernameValid" classname="Part1LoginTest" time="0.001"/>
  <testcase name="testCellPhoneIncorrectlyFormatted" classname="Part1LoginTest" time="0.001"/>
  <testcase name="testUsernameIncorrectlyFormatted" classname="Part1LoginTest" time="0.004"/>
  <testcase name="testPasswordMeetsComplexity" classname="Part1LoginTest" time="0.003"/>
  <testcase name="testPasswordInvalid" classname="Part1LoginTest" time="0.001"/>
  <testcase name="testLoginFailed" classname="Part1LoginTest" time="0.004"/>
  <testcase name="testCellPhoneCorrectlyFormatted" classname="Part1LoginTest" time="0.001"/>
  <testcase name="testLoginSuccessful" classname="Part1LoginTest" time="0.001"/>
  <testcase name="testCellPhoneValid" classname="Part1LoginTest" time="0.001"/>
  <testcase name="testUsernameCorrectlyFormatted" classname="Part1LoginTest" time="0.009">
    <failure message="expected: &lt;Welcome Kyle, Smith it is great to see you again.&gt; but was: &lt;Username or password incorrect, please try again.&gt;" type="org.opentest4j.AssertionFailedError"><![CDATA[org.opentest4j.AssertionFailedError: expected: <Welcome Kyle, Smith it is great to see you again.> but was: <Username or password incorrect, please try again.>
	at org.junit.jupiter.api.AssertionFailureBuilder.build(AssertionFailureBuilder.java:151)
	at org.junit.jupiter.api.AssertionFailureBuilder.buildAndThrow(AssertionFailureBuilder.java:132)
	at org.junit.jupiter.api.AssertEquals.failNotEqual(AssertEquals.java:197)
	at org.junit.jupiter.api.AssertEquals.assertEquals(AssertEquals.java:182)
	at org.junit.jupiter.api.AssertEquals.assertEquals(AssertEquals.java:177)
	at org.junit.jupiter.api.Assertions.assertEquals(Assertions.java:1145)
	at Part1LoginTest.testUsernameCorrectlyFormatted(Part1LoginTest.java:21)
	at java.base/java.lang.reflect.Method.invoke(Method.java:565)
	at java.base/java.util.ArrayList.forEach(ArrayList.java:1604)
	at java.base/java.util.ArrayList.forEach(ArrayList.java:1604)
]]></failure>
  </testcase>
</testsuite>