<?xml version="1.0" encoding="UTF-8"?>
<testsuite xmlns:xsi="http://www.w3.org/2001/XMLSchema-instance" xsi:noNamespaceSchemaLocation="https://maven.apache.org/surefire/maven-surefire-plugin/xsd/surefire-test-report-3.0.xsd" version="3.0" name="com.mycompany.progpoe.Part2MessageTest" time="0.141" tests="7" errors="0" skipped="0" failures="3">
  <properties>
[...]
</properties>
  <testcase name="testMessageIDCreated" classname="com.mycompany.progpoe.Part2MessageTest" time="0.034"/>
  <testcase name="testRecipientFailure" classname="com.mycompany.progpoe.Part2MessageTest" time="0.011">
    <failure message="expected: &lt;Cell phone is incorrectly formatted or does not contain an international code. Please correct the number and try again.&gt; but was: &lt;Cell phone number is incorrectly formatted or does not contain an international code. Please correct the number and try again.&gt;" type="org.opentest4j.AssertionFailedError"><![CDATA[org.opentest4j.AssertionFailedError: expected: <Cell phone is incorrectly formatted or does not contain an international code. Please correct the number and try again.> but was: <Cell phone number is incorrectly formatted or does not contain an international code. Please correct the number and try again.>
	at org.junit.jupiter.api.AssertionFailureBuilder.build(AssertionFailureBuilder.java:151)
	at org.junit.jupiter.api.AssertionFailureBuilder.buildAndThrow(AssertionFailureBuilder.java:132)
	at org.junit.jupiter.api.AssertEquals.failNotEqual(AssertEquals.java:197)
	at org.junit.jupiter.api.AssertEquals.assertEquals(AssertEquals.java:182)
	at org.junit.jupiter.api.AssertEquals.assertEquals(AssertEquals.java:177)
	at org.junit.jupiter.api.Assertions.assertEquals(Assertions.java:1145)
	at com.mycompany.progpoe.Part2MessageTest.testRecipientFailure(Part2MessageTest.java:40)
	at java.base/java.lang.reflect.Method.invoke(Method.java:565)
	at java.base/java.util.ArrayList.forEach(ArrayList.java:1604)
	at java.base/java.util.ArrayList.forEach(ArrayList.java:1604)
]]></failure>
  </testcase>
  <testcase name="testStoreMessage" classname="com.mycompany.progpoe.Part2MessageTest" time="0.007"/>
  <testcase name="testSendMessage" classname="com.mycompany.progpoe.Part2MessageTest" time="0.01"/>
  <testcase name="testMessageLengthSuccess" classname="com.mycompany.progpoe.Part2MessageTest" time="0.004">
    <failure message="expected: &lt;Messge ready to send&gt; but was: &lt;Message ready to send&gt;" type="org.opentest4j.AssertionFailedError"><![CDATA[org.opentest4j.AssertionFailedError: expected: <Messge ready to send> but was: <Message ready to send>
	at org.junit.jupiter.api.AssertionFailureBuilder.build(AssertionFailureBuilder.java:151)
	at org.junit.jupiter.api.AssertionFailureBuilder.buildAndThrow(AssertionFailureBuilder.java:132)
	at org.junit.jupiter.api.AssertEquals.failNotEqual(AssertEquals.java:197)
	at org.junit.jupiter.api.AssertEquals.assertEquals(AssertEquals.java:182)
	at org.junit.jupiter.api.AssertEquals.assertEquals(AssertEquals.java:177)
	at org.junit.jupiter.api.Assertions.assertEquals(Assertions.java:1145)
	at com.mycompany.progpoe.Part2MessageTest.testMessageLengthSuccess(Part2MessageTest.java:15)
	at java.base/java.lang.reflect.Method.invoke(Method.java:565)
	at java.base/java.util.ArrayList.forEach(ArrayList.java:1604)
	at java.base/java.util.ArrayList.forEach(ArrayList.java:1604)
]]></failure>
  </testcase>
  <testcase name="testDisregardedMessage" classname="com.mycompany.progpoe.Part2MessageTest" time="0.001"/>
  <testcase name="testRecipientSuccess" classname="com.mycompany.progpoe.Part2MessageTest" time="0.004">
    <failure message="expected: &lt;Cell hpone number successfully captured.&gt; but was: &lt;Cell phone number successfully captured.&gt;" type="org.opentest4j.AssertionFailedError"><![CDATA[org.opentest4j.AssertionFailedError: expected: <Cell hpone number successfully captured.> but was: <Cell phone number successfully captured.>
	at org.junit.jupiter.api.AssertionFailureBuilder.build(AssertionFailureBuilder.java:151)
	at org.junit.jupiter.api.AssertionFailureBuilder.buildAndThrow(AssertionFailureBuilder.java:132)
	at org.junit.jupiter.api.AssertEquals.failNotEqual(AssertEquals.java:197)
	at org.junit.jupiter.api.AssertEquals.assertEquals(AssertEquals.java:182)
	at org.junit.jupiter.api.AssertEquals.assertEquals(AssertEquals.java:177)
	at org.junit.jupiter.api.Assertions.assertEquals(Assertions.java:1145)
	at com.mycompany.progpoe.Part2MessageTest.testRecipientSuccess(Part2MessageTest.java:27)
	at java.base/java.lang.reflect.Method.invoke(Method.java:565)
	at java.base/java.util.ArrayList.forEach(ArrayList.java:1604)
	at java.base/java.util.ArrayList.forEach(ArrayList.java:1604)
]]></failure>
  </testcase>
</testsuite>